<?xml version="1.0" encoding="UTF-8"?>
<!-- Generated by org.testng.reporters.JUnitReportReporter -->
<testsuite hostname="LAPTOP-K8OSI52T" failures="0" tests="2" name="mavenTutorial.com.Sample_mvn_Project.RESTAPI" time="0.008" errors="0" timestamp="2021-12-12T14:44:09 IST" skipped="0">
  <testcase classname="mavenTutorial.com.Sample_mvn_Project.RESTAPI" name="PostJira" time="0.004"/>
  <system-out/>
  <testcase classname="mavenTutorial.com.Sample_mvn_Project.RESTAPI" name="deleteTwitter" time="0.004"/>
  <system-out/>
</testsuite> <!-- mavenTutorial.com.Sample_mvn_Project.RESTAPI -->
