<?xml version="1.0" encoding="UTF-8"?>
<!-- Generated by org.testng.reporters.JUnitReportReporter -->
<testsuite hostname="LAPTOP-K8OSI52T" failures="0" tests="1" name="mavenTutorial.com.Sample_mvn_Project.SeleniumTest" time="44.629" errors="0" timestamp="2021-12-14T21:53:09 IST" skipped="0">
  <testcase classname="mavenTutorial.com.Sample_mvn_Project.SeleniumTest" name="BrowserAutomation" time="44.629"/>
  <system-out/>
</testsuite> <!-- mavenTutorial.com.Sample_mvn_Project.SeleniumTest -->
