<?xml version="1.0" encoding="UTF-8"?>
<!-- Generated by org.testng.reporters.JUnitReportReporter -->
<testsuite hostname="LAPTOP-K8OSI52T" failures="0" tests="2" name="mavenTutorial.com.Sample_mvn_Project.AppiumTest" time="0.049" errors="0" timestamp="2021-12-12T14:44:08 IST" skipped="0">
  <testcase classname="mavenTutorial.com.Sample_mvn_Project.AppiumTest" name="IOSapp" time="0.046"/>
  <system-out/>
  <testcase classname="mavenTutorial.com.Sample_mvn_Project.AppiumTest" name="NativeAppAndroid" time="0.003"/>
  <system-out/>
</testsuite> <!-- mavenTutorial.com.Sample_mvn_Project.AppiumTest -->
